[GIN-debug] [WARNING] Running in "debug" mode. Switch to "release" mode in production.
 - using env:	export GIN_MODE=release
 - using code:	gin.SetMode(gin.ReleaseMode)

[GIN-debug] POST   /api/v1/auth/login        --> github.com/hadi-projects/go-react-starter/internal/handler.AuthHandler.Login-fm (8 handlers)
[GIN-debug] POST   /api/v1/auth/register     --> github.com/hadi-projects/go-react-starter/internal/handler.UserHandler.Register-fm (8 handlers)
[GIN-debug] GET    /api/v1/users/me          --> github.com/hadi-projects/go-react-starter/internal/handler.UserHandler.Me-fm (10 handlers)
[GIN-debug] GET    /api/v1/users             --> github.com/hadi-projects/go-react-starter/internal/handler.UserHandler.GetAll-fm (10 handlers)
[GIN-debug] PUT    /api/v1/users/:id         --> github.com/hadi-projects/go-react-starter/internal/handler.UserHandler.Update-fm (10 handlers)
[GIN-debug] DELETE /api/v1/users/:id         --> github.com/hadi-projects/go-react-starter/internal/handler.UserHandler.Delete-fm (10 handlers)
[GIN-debug] POST   /api/v1/permissions       --> github.com/hadi-projects/go-react-starter/internal/handler.PermissionHandler.Create-fm (11 handlers)
[GIN-debug] GET    /api/v1/permissions       --> github.com/hadi-projects/go-react-starter/internal/handler.PermissionHandler.GetAll-fm (11 handlers)
[GIN-debug] PUT    /api/v1/permissions/:id   --> github.com/hadi-projects/go-react-starter/internal/handler.PermissionHandler.Update-fm (11 handlers)
[GIN-debug] DELETE /api/v1/permissions/:id   --> github.com/hadi-projects/go-react-starter/internal/handler.PermissionHandler.Delete-fm (11 handlers)
[GIN-debug] POST   /api/v1/roles             --> github.com/hadi-projects/go-react-starter/internal/handler.RoleHandler.Create-fm (11 handlers)
[GIN-debug] GET    /api/v1/roles             --> github.com/hadi-projects/go-react-starter/internal/handler.RoleHandler.GetAll-fm (11 handlers)
[GIN-debug] GET    /api/v1/roles/:id         --> github.com/hadi-projects/go-react-starter/internal/handler.RoleHandler.GetByID-fm (11 handlers)
[GIN-debug] PUT    /api/v1/roles/:id         --> github.com/hadi-projects/go-react-starter/internal/handler.RoleHandler.Update-fm (11 handlers)
[GIN-debug] DELETE /api/v1/roles/:id         --> github.com/hadi-projects/go-react-starter/internal/handler.RoleHandler.Delete-fm (11 handlers)
2026/02/17 01:42:57 Server running on port 8080
[GIN-debug] [WARNING] Running in "debug" mode. Switch to "release" mode in production.
 - using env:	export GIN_MODE=release
 - using code:	gin.SetMode(gin.ReleaseMode)

[GIN-debug] POST   /api/v1/auth/login        --> github.com/hadi-projects/go-react-starter/internal/handler.AuthHandler.Login-fm (8 handlers)
[GIN-debug] POST   /api/v1/auth/register     --> github.com/hadi-projects/go-react-starter/internal/handler.UserHandler.Register-fm (8 handlers)
[GIN-debug] GET    /api/v1/users/me          --> github.com/hadi-projects/go-react-starter/internal/handler.UserHandler.Me-fm (10 handlers)
[GIN-debug] GET    /api/v1/users             --> github.com/hadi-projects/go-react-starter/internal/handler.UserHandler.GetAll-fm (10 handlers)
[GIN-debug] PUT    /api/v1/users/:id         --> github.com/hadi-projects/go-react-starter/internal/handler.UserHandler.Update-fm (10 handlers)
[GIN-debug] DELETE /api/v1/users/:id         --> github.com/hadi-projects/go-react-starter/internal/handler.UserHandler.Delete-fm (10 handlers)
[GIN-debug] POST   /api/v1/permissions       --> github.com/hadi-projects/go-react-starter/internal/handler.PermissionHandler.Create-fm (11 handlers)
[GIN-debug] GET    /api/v1/permissions       --> github.com/hadi-projects/go-react-starter/internal/handler.PermissionHandler.GetAll-fm (11 handlers)
[GIN-debug] PUT    /api/v1/permissions/:id   --> github.com/hadi-projects/go-react-starter/internal/handler.PermissionHandler.Update-fm (11 handlers)
[GIN-debug] DELETE /api/v1/permissions/:id   --> github.com/hadi-projects/go-react-starter/internal/handler.PermissionHandler.Delete-fm (11 handlers)
[GIN-debug] POST   /api/v1/roles             --> github.com/hadi-projects/go-react-starter/internal/handler.RoleHandler.Create-fm (11 handlers)
[GIN-debug] GET    /api/v1/roles             --> github.com/hadi-projects/go-react-starter/internal/handler.RoleHandler.GetAll-fm (11 handlers)
[GIN-debug] GET    /api/v1/roles/:id         --> github.com/hadi-projects/go-react-starter/internal/handler.RoleHandler.GetByID-fm (11 handlers)
[GIN-debug] PUT    /api/v1/roles/:id         --> github.com/hadi-projects/go-react-starter/internal/handler.RoleHandler.Update-fm (11 handlers)
[GIN-debug] DELETE /api/v1/roles/:id         --> github.com/hadi-projects/go-react-starter/internal/handler.RoleHandler.Delete-fm (11 handlers)
2026/02/17 01:42:57 Server running on port 8080
Server running on port :8080
2026/02/17 01:43:03 [32m
[0m[33m[22.376ms] [34;1m[rows:12][0m SELECT * FROM `role_has_permissions` WHERE `role_has_permissions`.`role_id` = 1

2026/02/17 01:43:03 [32m
[0m[33m[8.055ms] [34;1m[rows:12][0m SELECT * FROM `permissions` WHERE `permissions`.`id` IN (1,2,3,4,5,6,7,8,9,10,11,12)

2026/02/17 01:43:03 [32m/Users/hadigunawan/code/go-starter/backend/internal/repository/user_repository.go:47
[0m[33m[36.731ms] [34;1m[rows:1][0m SELECT * FROM `roles` WHERE `roles`.`id` = 1

2026/02/17 01:43:03 [32m/Users/hadigunawan/code/go-starter/backend/internal/repository/user_repository.go:47
[0m[33m[82.863ms] [34;1m[rows:1][0m SELECT * FROM `users` WHERE email = 'admin@mail.com' ORDER BY `users`.`id` LIMIT 1
[90m1:43AM[0m [31mERR[0m [1mLogin failed: service error[0m [36merror=[0m[31m[1m"invalid email or password"[0m[0m
[90m1:43AM[0m [32mINF[0m [1mincoming request[0m [36mlatency=[0m161651166 [36mrequest=[0m{"body":{"email":"***@mail.com","password":"***"},"ip":"::1","method":"POST","path":"/api/v1/auth/login","user_agent":"curl/8.7.1"} [36mrequest_id=[0m7194c822-e456-4cb3-8d42-13dccc6d5629 [36mresponse=[0m{"body":{"error":"Invalid email or password"},"latency":161.651166,"status_code":401} [36mtimestamp=[0m2026-02-17T01:43:03+07:00
